2025-07-15T03:51:15.999+08:00  WARN 10260 --- [springtest] [HikariPool-1:housekeeper] com.zaxxer.hikari.pool.HikariPool        : HikariPool-1 - Thread starvation or clock leap detected (housekeeper delta=3h28s250ms117µs900ns).
2025-07-15T13:19:31.912+08:00  WARN 10260 --- [springtest] [HikariPool-1:housekeeper] com.zaxxer.hikari.pool.HikariPool        : HikariPool-1 - Thread starvation or clock leap detected (housekeeper delta=9h28m19s550ms384µs100ns).
2025-07-15T19:54:40.331+08:00  WARN 10260 --- [springtest] [HikariPool-1:housekeeper] com.zaxxer.hikari.pool.HikariPool        : HikariPool-1 - Thread starvation or clock leap detected (housekeeper delta=18m3s10ms17µs100ns).
2025-07-15T22:02:10.803+08:00  INFO 22564 --- [springtest] [main] com.example.demo.SpringtestApplication   : Starting SpringtestApplication using Java 17.0.12 with PID 22564 (C:\Users\user\eclipse-workspace\react-todolist\target\classes started by user in C:\Users\user\eclipse-workspace\react-todolist)
2025-07-15T22:02:10.807+08:00  INFO 22564 --- [springtest] [main] com.example.demo.SpringtestApplication   : No active profile set, falling back to 1 default profile: "default"
2025-07-15T22:02:11.967+08:00  INFO 22564 --- [springtest] [main] .s.d.r.c.RepositoryConfigurationDelegate : Bootstrapping Spring Data JPA repositories in DEFAULT mode.
2025-07-15T22:02:12.087+08:00  INFO 22564 --- [springtest] [main] .s.d.r.c.RepositoryConfigurationDelegate : Finished Spring Data repository scanning in 94 ms. Found 1 JPA repository interface.
2025-07-15T22:02:13.004+08:00  INFO 22564 --- [springtest] [main] o.s.b.w.embedded.tomcat.TomcatWebServer  : Tomcat initialized with port 8089 (http)
2025-07-15T22:02:13.042+08:00  INFO 22564 --- [springtest] [main] o.apache.catalina.core.StandardService   : Starting service [Tomcat]
2025-07-15T22:02:13.043+08:00  INFO 22564 --- [springtest] [main] o.apache.catalina.core.StandardEngine    : Starting Servlet engine: [Apache Tomcat/10.1.41]
2025-07-15T22:02:13.155+08:00  INFO 22564 --- [springtest] [main] o.a.c.c.C.[Tomcat].[localhost].[/]       : Initializing Spring embedded WebApplicationContext
2025-07-15T22:02:13.155+08:00  INFO 22564 --- [springtest] [main] w.s.c.ServletWebServerApplicationContext : Root WebApplicationContext: initialization completed in 2272 ms
2025-07-15T22:02:13.484+08:00  INFO 22564 --- [springtest] [main] o.hibernate.jpa.internal.util.LogHelper  : HHH000204: Processing PersistenceUnitInfo [name: default]
2025-07-15T22:02:13.605+08:00  INFO 22564 --- [springtest] [main] org.hibernate.Version                    : HHH000412: Hibernate ORM core version 6.6.15.Final
2025-07-15T22:02:13.694+08:00  INFO 22564 --- [springtest] [main] o.h.c.internal.RegionFactoryInitiator    : HHH000026: Second-level cache disabled
2025-07-15T22:02:14.338+08:00  INFO 22564 --- [springtest] [main] o.s.o.j.p.SpringPersistenceUnitInfo      : No LoadTimeWeaver setup: ignoring JPA class transformer
2025-07-15T22:02:14.419+08:00  INFO 22564 --- [springtest] [main] com.zaxxer.hikari.HikariDataSource       : HikariPool-1 - Starting...
2025-07-15T22:02:14.854+08:00  INFO 22564 --- [springtest] [main] com.zaxxer.hikari.pool.HikariPool        : HikariPool-1 - Added connection com.mysql.cj.jdbc.ConnectionImpl@6463da36
2025-07-15T22:02:14.860+08:00  INFO 22564 --- [springtest] [main] com.zaxxer.hikari.HikariDataSource       : HikariPool-1 - Start completed.
2025-07-15T22:02:15.120+08:00  INFO 22564 --- [springtest] [main] org.hibernate.orm.connections.pooling    : HHH10001005: Database info:
	Database JDBC URL [Connecting through datasource 'HikariDataSource (HikariPool-1)']
	Database driver: undefined/unknown
	Database version: 8.0.34
	Autocommit mode: undefined/unknown
	Isolation level: undefined/unknown
	Minimum pool size: undefined/unknown
	Maximum pool size: undefined/unknown
2025-07-15T22:02:16.857+08:00  INFO 22564 --- [springtest] [main] o.h.e.t.j.p.i.JtaPlatformInitiator       : HHH000489: No JTA platform available (set 'hibernate.transaction.jta.platform' to enable JTA platform integration)
2025-07-15T22:02:16.965+08:00  INFO 22564 --- [springtest] [main] j.LocalContainerEntityManagerFactoryBean : Initialized JPA EntityManagerFactory for persistence unit 'default'
2025-07-15T22:02:17.240+08:00  INFO 22564 --- [springtest] [main] o.s.b.a.w.s.WelcomePageHandlerMapping    : Adding welcome page template: index
2025-07-15T22:02:17.587+08:00  WARN 22564 --- [springtest] [main] ConfigServletWebServerApplicationContext : Exception encountered during context initialization - cancelling refresh attempt: org.springframework.context.ApplicationContextException: Failed to start bean 'webServerStartStop'
2025-07-15T22:02:17.589+08:00  INFO 22564 --- [springtest] [main] j.LocalContainerEntityManagerFactoryBean : Closing JPA EntityManagerFactory for persistence unit 'default'
2025-07-15T22:02:17.592+08:00  INFO 22564 --- [springtest] [main] com.zaxxer.hikari.HikariDataSource       : HikariPool-1 - Shutdown initiated...
2025-07-15T22:02:17.601+08:00  INFO 22564 --- [springtest] [main] com.zaxxer.hikari.HikariDataSource       : HikariPool-1 - Shutdown completed.
2025-07-15T22:02:17.624+08:00  INFO 22564 --- [springtest] [main] .s.b.a.l.ConditionEvaluationReportLogger : 

Error starting ApplicationContext. To display the condition evaluation report re-run your application with 'debug' enabled.
2025-07-15T22:02:17.641+08:00 ERROR 22564 --- [springtest] [main] o.s.b.d.LoggingFailureAnalysisReporter   : 

***************************
APPLICATION FAILED TO START
***************************

Description:

Web server failed to start. Port 8089 was already in use.

Action:

Identify and stop the process that's listening on port 8089 or configure this application to listen on another port.

2025-07-15T22:05:35.642+08:00  INFO 23488 --- [springtest] [main] com.example.demo.SpringtestApplication   : Starting SpringtestApplication using Java 17.0.12 with PID 23488 (C:\Users\user\eclipse-workspace\react-todolist\target\classes started by user in C:\Users\user\eclipse-workspace\react-todolist)
2025-07-15T22:05:35.645+08:00  INFO 23488 --- [springtest] [main] com.example.demo.SpringtestApplication   : No active profile set, falling back to 1 default profile: "default"
2025-07-15T22:05:36.257+08:00  INFO 23488 --- [springtest] [main] .s.d.r.c.RepositoryConfigurationDelegate : Bootstrapping Spring Data JPA repositories in DEFAULT mode.
2025-07-15T22:05:36.316+08:00  INFO 23488 --- [springtest] [main] .s.d.r.c.RepositoryConfigurationDelegate : Finished Spring Data repository scanning in 48 ms. Found 1 JPA repository interface.
2025-07-15T22:05:36.817+08:00  INFO 23488 --- [springtest] [main] o.s.b.w.embedded.tomcat.TomcatWebServer  : Tomcat initialized with port 8089 (http)
2025-07-15T22:05:36.832+08:00  INFO 23488 --- [springtest] [main] o.apache.catalina.core.StandardService   : Starting service [Tomcat]
2025-07-15T22:05:36.833+08:00  INFO 23488 --- [springtest] [main] o.apache.catalina.core.StandardEngine    : Starting Servlet engine: [Apache Tomcat/10.1.41]
2025-07-15T22:05:36.888+08:00  INFO 23488 --- [springtest] [main] o.a.c.c.C.[Tomcat].[localhost].[/]       : Initializing Spring embedded WebApplicationContext
2025-07-15T22:05:36.888+08:00  INFO 23488 --- [springtest] [main] w.s.c.ServletWebServerApplicationContext : Root WebApplicationContext: initialization completed in 1200 ms
2025-07-15T22:05:37.061+08:00  INFO 23488 --- [springtest] [main] o.hibernate.jpa.internal.util.LogHelper  : HHH000204: Processing PersistenceUnitInfo [name: default]
2025-07-15T22:05:37.114+08:00  INFO 23488 --- [springtest] [main] org.hibernate.Version                    : HHH000412: Hibernate ORM core version 6.6.15.Final
2025-07-15T22:05:37.151+08:00  INFO 23488 --- [springtest] [main] o.h.c.internal.RegionFactoryInitiator    : HHH000026: Second-level cache disabled
2025-07-15T22:05:37.439+08:00  INFO 23488 --- [springtest] [main] o.s.o.j.p.SpringPersistenceUnitInfo      : No LoadTimeWeaver setup: ignoring JPA class transformer
2025-07-15T22:05:37.470+08:00  INFO 23488 --- [springtest] [main] com.zaxxer.hikari.HikariDataSource       : HikariPool-1 - Starting...
2025-07-15T22:05:37.629+08:00  INFO 23488 --- [springtest] [main] com.zaxxer.hikari.pool.HikariPool        : HikariPool-1 - Added connection com.mysql.cj.jdbc.ConnectionImpl@1c6ac73c
2025-07-15T22:05:37.632+08:00  INFO 23488 --- [springtest] [main] com.zaxxer.hikari.HikariDataSource       : HikariPool-1 - Start completed.
2025-07-15T22:05:37.720+08:00  INFO 23488 --- [springtest] [main] org.hibernate.orm.connections.pooling    : HHH10001005: Database info:
	Database JDBC URL [Connecting through datasource 'HikariDataSource (HikariPool-1)']
	Database driver: undefined/unknown
	Database version: 8.0.34
	Autocommit mode: undefined/unknown
	Isolation level: undefined/unknown
	Minimum pool size: undefined/unknown
	Maximum pool size: undefined/unknown
2025-07-15T22:05:38.480+08:00  INFO 23488 --- [springtest] [main] o.h.e.t.j.p.i.JtaPlatformInitiator       : HHH000489: No JTA platform available (set 'hibernate.transaction.jta.platform' to enable JTA platform integration)
2025-07-15T22:05:38.551+08:00  INFO 23488 --- [springtest] [main] j.LocalContainerEntityManagerFactoryBean : Initialized JPA EntityManagerFactory for persistence unit 'default'
2025-07-15T22:05:38.803+08:00  INFO 23488 --- [springtest] [main] o.s.b.a.w.s.WelcomePageHandlerMapping    : Adding welcome page template: index
2025-07-15T22:05:39.171+08:00  INFO 23488 --- [springtest] [main] o.s.b.w.embedded.tomcat.TomcatWebServer  : Tomcat started on port 8089 (http) with context path '/'
2025-07-15T22:05:39.187+08:00  INFO 23488 --- [springtest] [main] com.example.demo.SpringtestApplication   : Started SpringtestApplication in 4.032 seconds (process running for 4.631)
2025-07-15T22:06:41.461+08:00  INFO 23488 --- [springtest] [http-nio-8089-exec-1] o.a.c.c.C.[Tomcat].[localhost].[/]       : Initializing Spring DispatcherServlet 'dispatcherServlet'
2025-07-15T22:06:41.461+08:00  INFO 23488 --- [springtest] [http-nio-8089-exec-1] o.s.web.servlet.DispatcherServlet        : Initializing Servlet 'dispatcherServlet'
2025-07-15T22:06:41.462+08:00  INFO 23488 --- [springtest] [http-nio-8089-exec-1] o.s.web.servlet.DispatcherServlet        : Completed initialization in 1 ms
2025-07-15T22:11:52.585+08:00  INFO 27772 --- [springtest] [main] com.example.demo.SpringtestApplication   : Starting SpringtestApplication using Java 17.0.12 with PID 27772 (C:\Users\user\eclipse-workspace\react-todolist\target\classes started by user in C:\Users\user\eclipse-workspace\react-todolist)
2025-07-15T22:11:52.587+08:00  INFO 27772 --- [springtest] [main] com.example.demo.SpringtestApplication   : No active profile set, falling back to 1 default profile: "default"
2025-07-15T22:11:53.221+08:00  INFO 27772 --- [springtest] [main] .s.d.r.c.RepositoryConfigurationDelegate : Bootstrapping Spring Data JPA repositories in DEFAULT mode.
2025-07-15T22:11:53.280+08:00  INFO 27772 --- [springtest] [main] .s.d.r.c.RepositoryConfigurationDelegate : Finished Spring Data repository scanning in 48 ms. Found 1 JPA repository interface.
2025-07-15T22:11:53.845+08:00  INFO 27772 --- [springtest] [main] o.s.b.w.embedded.tomcat.TomcatWebServer  : Tomcat initialized with port 8089 (http)
2025-07-15T22:11:53.864+08:00  INFO 27772 --- [springtest] [main] o.apache.catalina.core.StandardService   : Starting service [Tomcat]
2025-07-15T22:11:53.865+08:00  INFO 27772 --- [springtest] [main] o.apache.catalina.core.StandardEngine    : Starting Servlet engine: [Apache Tomcat/10.1.41]
2025-07-15T22:11:53.928+08:00  INFO 27772 --- [springtest] [main] o.a.c.c.C.[Tomcat].[localhost].[/]       : Initializing Spring embedded WebApplicationContext
2025-07-15T22:11:53.929+08:00  INFO 27772 --- [springtest] [main] w.s.c.ServletWebServerApplicationContext : Root WebApplicationContext: initialization completed in 1300 ms
2025-07-15T22:11:54.119+08:00  INFO 27772 --- [springtest] [main] o.hibernate.jpa.internal.util.LogHelper  : HHH000204: Processing PersistenceUnitInfo [name: default]
2025-07-15T22:11:54.189+08:00  INFO 27772 --- [springtest] [main] org.hibernate.Version                    : HHH000412: Hibernate ORM core version 6.6.15.Final
2025-07-15T22:11:54.235+08:00  INFO 27772 --- [springtest] [main] o.h.c.internal.RegionFactoryInitiator    : HHH000026: Second-level cache disabled
2025-07-15T22:11:54.541+08:00  INFO 27772 --- [springtest] [main] o.s.o.j.p.SpringPersistenceUnitInfo      : No LoadTimeWeaver setup: ignoring JPA class transformer
2025-07-15T22:11:54.577+08:00  INFO 27772 --- [springtest] [main] com.zaxxer.hikari.HikariDataSource       : HikariPool-1 - Starting...
2025-07-15T22:11:54.750+08:00  INFO 27772 --- [springtest] [main] com.zaxxer.hikari.pool.HikariPool        : HikariPool-1 - Added connection com.mysql.cj.jdbc.ConnectionImpl@4a4b288a
2025-07-15T22:11:54.753+08:00  INFO 27772 --- [springtest] [main] com.zaxxer.hikari.HikariDataSource       : HikariPool-1 - Start completed.
2025-07-15T22:11:54.870+08:00  INFO 27772 --- [springtest] [main] org.hibernate.orm.connections.pooling    : HHH10001005: Database info:
	Database JDBC URL [Connecting through datasource 'HikariDataSource (HikariPool-1)']
	Database driver: undefined/unknown
	Database version: 8.0.34
	Autocommit mode: undefined/unknown
	Isolation level: undefined/unknown
	Minimum pool size: undefined/unknown
	Maximum pool size: undefined/unknown
2025-07-15T22:11:55.702+08:00  INFO 27772 --- [springtest] [main] o.h.e.t.j.p.i.JtaPlatformInitiator       : HHH000489: No JTA platform available (set 'hibernate.transaction.jta.platform' to enable JTA platform integration)
2025-07-15T22:11:55.761+08:00  INFO 27772 --- [springtest] [main] j.LocalContainerEntityManagerFactoryBean : Initialized JPA EntityManagerFactory for persistence unit 'default'
2025-07-15T22:11:56.003+08:00  INFO 27772 --- [springtest] [main] o.s.b.a.w.s.WelcomePageHandlerMapping    : Adding welcome page template: index
2025-07-15T22:11:56.356+08:00  WARN 27772 --- [springtest] [main] ConfigServletWebServerApplicationContext : Exception encountered during context initialization - cancelling refresh attempt: org.springframework.context.ApplicationContextException: Failed to start bean 'webServerStartStop'
2025-07-15T22:11:56.359+08:00  INFO 27772 --- [springtest] [main] j.LocalContainerEntityManagerFactoryBean : Closing JPA EntityManagerFactory for persistence unit 'default'
2025-07-15T22:11:56.361+08:00  INFO 27772 --- [springtest] [main] com.zaxxer.hikari.HikariDataSource       : HikariPool-1 - Shutdown initiated...
2025-07-15T22:11:56.370+08:00  INFO 27772 --- [springtest] [main] com.zaxxer.hikari.HikariDataSource       : HikariPool-1 - Shutdown completed.
2025-07-15T22:11:56.390+08:00  INFO 27772 --- [springtest] [main] .s.b.a.l.ConditionEvaluationReportLogger : 

Error starting ApplicationContext. To display the condition evaluation report re-run your application with 'debug' enabled.
2025-07-15T22:11:56.408+08:00 ERROR 27772 --- [springtest] [main] o.s.b.d.LoggingFailureAnalysisReporter   : 

***************************
APPLICATION FAILED TO START
***************************

Description:

Web server failed to start. Port 8089 was already in use.

Action:

Identify and stop the process that's listening on port 8089 or configure this application to listen on another port.

2025-07-15T22:12:32.469+08:00  INFO 2568 --- [springtest] [main] com.example.demo.SpringtestApplication   : Starting SpringtestApplication using Java 17.0.12 with PID 2568 (C:\Users\user\eclipse-workspace\react-todolist\target\classes started by user in C:\Users\user\eclipse-workspace\react-todolist)
2025-07-15T22:12:32.472+08:00  INFO 2568 --- [springtest] [main] com.example.demo.SpringtestApplication   : No active profile set, falling back to 1 default profile: "default"
2025-07-15T22:12:33.114+08:00  INFO 2568 --- [springtest] [main] .s.d.r.c.RepositoryConfigurationDelegate : Bootstrapping Spring Data JPA repositories in DEFAULT mode.
2025-07-15T22:12:33.174+08:00  INFO 2568 --- [springtest] [main] .s.d.r.c.RepositoryConfigurationDelegate : Finished Spring Data repository scanning in 50 ms. Found 1 JPA repository interface.
2025-07-15T22:12:33.676+08:00  INFO 2568 --- [springtest] [main] o.s.b.w.embedded.tomcat.TomcatWebServer  : Tomcat initialized with port 8089 (http)
2025-07-15T22:12:33.691+08:00  INFO 2568 --- [springtest] [main] o.apache.catalina.core.StandardService   : Starting service [Tomcat]
2025-07-15T22:12:33.691+08:00  INFO 2568 --- [springtest] [main] o.apache.catalina.core.StandardEngine    : Starting Servlet engine: [Apache Tomcat/10.1.41]
2025-07-15T22:12:33.744+08:00  INFO 2568 --- [springtest] [main] o.a.c.c.C.[Tomcat].[localhost].[/]       : Initializing Spring embedded WebApplicationContext
2025-07-15T22:12:33.744+08:00  INFO 2568 --- [springtest] [main] w.s.c.ServletWebServerApplicationContext : Root WebApplicationContext: initialization completed in 1216 ms
2025-07-15T22:12:33.915+08:00  INFO 2568 --- [springtest] [main] o.hibernate.jpa.internal.util.LogHelper  : HHH000204: Processing PersistenceUnitInfo [name: default]
2025-07-15T22:12:33.974+08:00  INFO 2568 --- [springtest] [main] org.hibernate.Version                    : HHH000412: Hibernate ORM core version 6.6.15.Final
2025-07-15T22:12:34.014+08:00  INFO 2568 --- [springtest] [main] o.h.c.internal.RegionFactoryInitiator    : HHH000026: Second-level cache disabled
2025-07-15T22:12:34.308+08:00  INFO 2568 --- [springtest] [main] o.s.o.j.p.SpringPersistenceUnitInfo      : No LoadTimeWeaver setup: ignoring JPA class transformer
2025-07-15T22:12:34.340+08:00  INFO 2568 --- [springtest] [main] com.zaxxer.hikari.HikariDataSource       : HikariPool-1 - Starting...
2025-07-15T22:12:34.507+08:00  INFO 2568 --- [springtest] [main] com.zaxxer.hikari.pool.HikariPool        : HikariPool-1 - Added connection com.mysql.cj.jdbc.ConnectionImpl@4a4b288a
2025-07-15T22:12:34.508+08:00  INFO 2568 --- [springtest] [main] com.zaxxer.hikari.HikariDataSource       : HikariPool-1 - Start completed.
2025-07-15T22:12:34.603+08:00  INFO 2568 --- [springtest] [main] org.hibernate.orm.connections.pooling    : HHH10001005: Database info:
	Database JDBC URL [Connecting through datasource 'HikariDataSource (HikariPool-1)']
	Database driver: undefined/unknown
	Database version: 8.0.34
	Autocommit mode: undefined/unknown
	Isolation level: undefined/unknown
	Minimum pool size: undefined/unknown
	Maximum pool size: undefined/unknown
2025-07-15T22:12:35.454+08:00  INFO 2568 --- [springtest] [main] o.h.e.t.j.p.i.JtaPlatformInitiator       : HHH000489: No JTA platform available (set 'hibernate.transaction.jta.platform' to enable JTA platform integration)
2025-07-15T22:12:35.510+08:00  INFO 2568 --- [springtest] [main] j.LocalContainerEntityManagerFactoryBean : Initialized JPA EntityManagerFactory for persistence unit 'default'
2025-07-15T22:12:35.760+08:00  INFO 2568 --- [springtest] [main] o.s.b.a.w.s.WelcomePageHandlerMapping    : Adding welcome page template: index
2025-07-15T22:12:36.133+08:00  INFO 2568 --- [springtest] [main] o.s.b.w.embedded.tomcat.TomcatWebServer  : Tomcat started on port 8089 (http) with context path '/'
2025-07-15T22:12:36.144+08:00  INFO 2568 --- [springtest] [main] com.example.demo.SpringtestApplication   : Started SpringtestApplication in 4.311 seconds (process running for 5.233)
2025-07-15T22:12:45.457+08:00  INFO 2568 --- [springtest] [http-nio-8089-exec-1] o.a.c.c.C.[Tomcat].[localhost].[/]       : Initializing Spring DispatcherServlet 'dispatcherServlet'
2025-07-15T22:12:45.458+08:00  INFO 2568 --- [springtest] [http-nio-8089-exec-1] o.s.web.servlet.DispatcherServlet        : Initializing Servlet 'dispatcherServlet'
2025-07-15T22:12:45.459+08:00  INFO 2568 --- [springtest] [http-nio-8089-exec-1] o.s.web.servlet.DispatcherServlet        : Completed initialization in 1 ms
2025-07-15T22:15:29.827+08:00  INFO 20436 --- [springtest] [main] com.example.demo.SpringtestApplication   : Starting SpringtestApplication using Java 17.0.12 with PID 20436 (C:\Users\user\eclipse-workspace\react-todolist\target\classes started by user in C:\Users\user\eclipse-workspace\react-todolist)
2025-07-15T22:15:29.830+08:00  INFO 20436 --- [springtest] [main] com.example.demo.SpringtestApplication   : No active profile set, falling back to 1 default profile: "default"
2025-07-15T22:15:30.489+08:00  INFO 20436 --- [springtest] [main] .s.d.r.c.RepositoryConfigurationDelegate : Bootstrapping Spring Data JPA repositories in DEFAULT mode.
2025-07-15T22:15:30.550+08:00  INFO 20436 --- [springtest] [main] .s.d.r.c.RepositoryConfigurationDelegate : Finished Spring Data repository scanning in 49 ms. Found 1 JPA repository interface.
2025-07-15T22:15:31.248+08:00  INFO 20436 --- [springtest] [main] o.s.b.w.embedded.tomcat.TomcatWebServer  : Tomcat initialized with port 8089 (http)
2025-07-15T22:15:31.269+08:00  INFO 20436 --- [springtest] [main] o.apache.catalina.core.StandardService   : Starting service [Tomcat]
2025-07-15T22:15:31.270+08:00  INFO 20436 --- [springtest] [main] o.apache.catalina.core.StandardEngine    : Starting Servlet engine: [Apache Tomcat/10.1.41]
2025-07-15T22:15:31.354+08:00  INFO 20436 --- [springtest] [main] o.a.c.c.C.[Tomcat].[localhost].[/]       : Initializing Spring embedded WebApplicationContext
2025-07-15T22:15:31.355+08:00  INFO 20436 --- [springtest] [main] w.s.c.ServletWebServerApplicationContext : Root WebApplicationContext: initialization completed in 1476 ms
2025-07-15T22:15:31.570+08:00  INFO 20436 --- [springtest] [main] o.hibernate.jpa.internal.util.LogHelper  : HHH000204: Processing PersistenceUnitInfo [name: default]
2025-07-15T22:15:31.643+08:00  INFO 20436 --- [springtest] [main] org.hibernate.Version                    : HHH000412: Hibernate ORM core version 6.6.15.Final
2025-07-15T22:15:31.693+08:00  INFO 20436 --- [springtest] [main] o.h.c.internal.RegionFactoryInitiator    : HHH000026: Second-level cache disabled
2025-07-15T22:15:32.048+08:00  INFO 20436 --- [springtest] [main] o.s.o.j.p.SpringPersistenceUnitInfo      : No LoadTimeWeaver setup: ignoring JPA class transformer
2025-07-15T22:15:32.085+08:00  INFO 20436 --- [springtest] [main] com.zaxxer.hikari.HikariDataSource       : HikariPool-1 - Starting...
2025-07-15T22:15:32.267+08:00  INFO 20436 --- [springtest] [main] com.zaxxer.hikari.pool.HikariPool        : HikariPool-1 - Added connection com.mysql.cj.jdbc.ConnectionImpl@1224e1b6
2025-07-15T22:15:32.271+08:00  INFO 20436 --- [springtest] [main] com.zaxxer.hikari.HikariDataSource       : HikariPool-1 - Start completed.
2025-07-15T22:15:32.391+08:00  INFO 20436 --- [springtest] [main] org.hibernate.orm.connections.pooling    : HHH10001005: Database info:
	Database JDBC URL [Connecting through datasource 'HikariDataSource (HikariPool-1)']
	Database driver: undefined/unknown
	Database version: 8.0.34
	Autocommit mode: undefined/unknown
	Isolation level: undefined/unknown
	Minimum pool size: undefined/unknown
	Maximum pool size: undefined/unknown
2025-07-15T22:15:33.324+08:00  INFO 20436 --- [springtest] [main] o.h.e.t.j.p.i.JtaPlatformInitiator       : HHH000489: No JTA platform available (set 'hibernate.transaction.jta.platform' to enable JTA platform integration)
2025-07-15T22:15:33.387+08:00  INFO 20436 --- [springtest] [main] j.LocalContainerEntityManagerFactoryBean : Initialized JPA EntityManagerFactory for persistence unit 'default'
2025-07-15T22:15:33.828+08:00  INFO 20436 --- [springtest] [main] o.s.b.a.w.s.WelcomePageHandlerMapping    : Adding welcome page template: index
2025-07-15T22:15:34.288+08:00  WARN 20436 --- [springtest] [main] ConfigServletWebServerApplicationContext : Exception encountered during context initialization - cancelling refresh attempt: org.springframework.context.ApplicationContextException: Failed to start bean 'webServerStartStop'
2025-07-15T22:15:34.290+08:00  INFO 20436 --- [springtest] [main] j.LocalContainerEntityManagerFactoryBean : Closing JPA EntityManagerFactory for persistence unit 'default'
2025-07-15T22:15:34.292+08:00  INFO 20436 --- [springtest] [main] com.zaxxer.hikari.HikariDataSource       : HikariPool-1 - Shutdown initiated...
2025-07-15T22:15:34.305+08:00  INFO 20436 --- [springtest] [main] com.zaxxer.hikari.HikariDataSource       : HikariPool-1 - Shutdown completed.
2025-07-15T22:15:34.321+08:00  INFO 20436 --- [springtest] [main] .s.b.a.l.ConditionEvaluationReportLogger : 

Error starting ApplicationContext. To display the condition evaluation report re-run your application with 'debug' enabled.
2025-07-15T22:15:34.345+08:00 ERROR 20436 --- [springtest] [main] o.s.b.d.LoggingFailureAnalysisReporter   : 

***************************
APPLICATION FAILED TO START
***************************

Description:

Web server failed to start. Port 8089 was already in use.

Action:

Identify and stop the process that's listening on port 8089 or configure this application to listen on another port.

2025-07-15T22:16:05.988+08:00  INFO 16376 --- [springtest] [main] com.example.demo.SpringtestApplication   : Starting SpringtestApplication using Java 17.0.12 with PID 16376 (C:\Users\user\eclipse-workspace\react-todolist\target\classes started by user in C:\Users\user\eclipse-workspace\react-todolist)
2025-07-15T22:16:05.991+08:00  INFO 16376 --- [springtest] [main] com.example.demo.SpringtestApplication   : No active profile set, falling back to 1 default profile: "default"
2025-07-15T22:16:06.613+08:00  INFO 16376 --- [springtest] [main] .s.d.r.c.RepositoryConfigurationDelegate : Bootstrapping Spring Data JPA repositories in DEFAULT mode.
2025-07-15T22:16:06.672+08:00  INFO 16376 --- [springtest] [main] .s.d.r.c.RepositoryConfigurationDelegate : Finished Spring Data repository scanning in 48 ms. Found 1 JPA repository interface.
2025-07-15T22:16:07.276+08:00  INFO 16376 --- [springtest] [main] o.s.b.w.embedded.tomcat.TomcatWebServer  : Tomcat initialized with port 8089 (http)
2025-07-15T22:16:07.291+08:00  INFO 16376 --- [springtest] [main] o.apache.catalina.core.StandardService   : Starting service [Tomcat]
2025-07-15T22:16:07.292+08:00  INFO 16376 --- [springtest] [main] o.apache.catalina.core.StandardEngine    : Starting Servlet engine: [Apache Tomcat/10.1.41]
2025-07-15T22:16:07.346+08:00  INFO 16376 --- [springtest] [main] o.a.c.c.C.[Tomcat].[localhost].[/]       : Initializing Spring embedded WebApplicationContext
2025-07-15T22:16:07.347+08:00  INFO 16376 --- [springtest] [main] w.s.c.ServletWebServerApplicationContext : Root WebApplicationContext: initialization completed in 1312 ms
2025-07-15T22:16:07.534+08:00  INFO 16376 --- [springtest] [main] o.hibernate.jpa.internal.util.LogHelper  : HHH000204: Processing PersistenceUnitInfo [name: default]
2025-07-15T22:16:07.587+08:00  INFO 16376 --- [springtest] [main] org.hibernate.Version                    : HHH000412: Hibernate ORM core version 6.6.15.Final
2025-07-15T22:16:07.623+08:00  INFO 16376 --- [springtest] [main] o.h.c.internal.RegionFactoryInitiator    : HHH000026: Second-level cache disabled
2025-07-15T22:16:07.913+08:00  INFO 16376 --- [springtest] [main] o.s.o.j.p.SpringPersistenceUnitInfo      : No LoadTimeWeaver setup: ignoring JPA class transformer
2025-07-15T22:16:07.949+08:00  INFO 16376 --- [springtest] [main] com.zaxxer.hikari.HikariDataSource       : HikariPool-1 - Starting...
2025-07-15T22:16:08.115+08:00  INFO 16376 --- [springtest] [main] com.zaxxer.hikari.pool.HikariPool        : HikariPool-1 - Added connection com.mysql.cj.jdbc.ConnectionImpl@1224e1b6
2025-07-15T22:16:08.117+08:00  INFO 16376 --- [springtest] [main] com.zaxxer.hikari.HikariDataSource       : HikariPool-1 - Start completed.
2025-07-15T22:16:08.202+08:00  INFO 16376 --- [springtest] [main] org.hibernate.orm.connections.pooling    : HHH10001005: Database info:
	Database JDBC URL [Connecting through datasource 'HikariDataSource (HikariPool-1)']
	Database driver: undefined/unknown
	Database version: 8.0.34
	Autocommit mode: undefined/unknown
	Isolation level: undefined/unknown
	Minimum pool size: undefined/unknown
	Maximum pool size: undefined/unknown
2025-07-15T22:16:08.966+08:00  INFO 16376 --- [springtest] [main] o.h.e.t.j.p.i.JtaPlatformInitiator       : HHH000489: No JTA platform available (set 'hibernate.transaction.jta.platform' to enable JTA platform integration)
2025-07-15T22:16:09.043+08:00  INFO 16376 --- [springtest] [main] j.LocalContainerEntityManagerFactoryBean : Initialized JPA EntityManagerFactory for persistence unit 'default'
2025-07-15T22:16:09.429+08:00  INFO 16376 --- [springtest] [main] o.s.b.a.w.s.WelcomePageHandlerMapping    : Adding welcome page template: index
2025-07-15T22:16:09.912+08:00  INFO 16376 --- [springtest] [main] o.s.b.w.embedded.tomcat.TomcatWebServer  : Tomcat started on port 8089 (http) with context path '/'
2025-07-15T22:16:09.922+08:00  INFO 16376 --- [springtest] [main] com.example.demo.SpringtestApplication   : Started SpringtestApplication in 4.433 seconds (process running for 5.045)
2025-07-15T22:16:16.724+08:00  INFO 16376 --- [springtest] [http-nio-8089-exec-1] o.a.c.c.C.[Tomcat].[localhost].[/]       : Initializing Spring DispatcherServlet 'dispatcherServlet'
2025-07-15T22:16:16.724+08:00  INFO 16376 --- [springtest] [http-nio-8089-exec-1] o.s.web.servlet.DispatcherServlet        : Initializing Servlet 'dispatcherServlet'
2025-07-15T22:16:16.726+08:00  INFO 16376 --- [springtest] [http-nio-8089-exec-1] o.s.web.servlet.DispatcherServlet        : Completed initialization in 1 ms
2025-07-15T22:26:52.775+08:00  INFO 19072 --- [springtest] [main] com.example.demo.SpringtestApplication   : Starting SpringtestApplication using Java 17.0.12 with PID 19072 (C:\Users\user\eclipse-workspace\react-todolist\target\classes started by user in C:\Users\user\eclipse-workspace\react-todolist)
2025-07-15T22:26:52.780+08:00  INFO 19072 --- [springtest] [main] com.example.demo.SpringtestApplication   : No active profile set, falling back to 1 default profile: "default"
2025-07-15T22:26:53.787+08:00  INFO 19072 --- [springtest] [main] .s.d.r.c.RepositoryConfigurationDelegate : Bootstrapping Spring Data JPA repositories in DEFAULT mode.
2025-07-15T22:26:53.884+08:00  INFO 19072 --- [springtest] [main] .s.d.r.c.RepositoryConfigurationDelegate : Finished Spring Data repository scanning in 68 ms. Found 1 JPA repository interface.
2025-07-15T22:26:54.914+08:00  INFO 19072 --- [springtest] [main] o.s.b.w.embedded.tomcat.TomcatWebServer  : Tomcat initialized with port 8089 (http)
2025-07-15T22:26:54.942+08:00  INFO 19072 --- [springtest] [main] o.apache.catalina.core.StandardService   : Starting service [Tomcat]
2025-07-15T22:26:54.942+08:00  INFO 19072 --- [springtest] [main] o.apache.catalina.core.StandardEngine    : Starting Servlet engine: [Apache Tomcat/10.1.41]
2025-07-15T22:26:55.055+08:00  INFO 19072 --- [springtest] [main] o.a.c.c.C.[Tomcat].[localhost].[/]       : Initializing Spring embedded WebApplicationContext
2025-07-15T22:26:55.056+08:00  INFO 19072 --- [springtest] [main] w.s.c.ServletWebServerApplicationContext : Root WebApplicationContext: initialization completed in 2204 ms
2025-07-15T22:26:55.369+08:00  INFO 19072 --- [springtest] [main] o.hibernate.jpa.internal.util.LogHelper  : HHH000204: Processing PersistenceUnitInfo [name: default]
2025-07-15T22:26:55.469+08:00  INFO 19072 --- [springtest] [main] org.hibernate.Version                    : HHH000412: Hibernate ORM core version 6.6.15.Final
2025-07-15T22:26:55.527+08:00  INFO 19072 --- [springtest] [main] o.h.c.internal.RegionFactoryInitiator    : HHH000026: Second-level cache disabled
2025-07-15T22:26:55.975+08:00  INFO 19072 --- [springtest] [main] o.s.o.j.p.SpringPersistenceUnitInfo      : No LoadTimeWeaver setup: ignoring JPA class transformer
2025-07-15T22:26:56.025+08:00  INFO 19072 --- [springtest] [main] com.zaxxer.hikari.HikariDataSource       : HikariPool-1 - Starting...
2025-07-15T22:26:56.253+08:00  INFO 19072 --- [springtest] [main] com.zaxxer.hikari.pool.HikariPool        : HikariPool-1 - Added connection com.mysql.cj.jdbc.ConnectionImpl@77ff14ce
2025-07-15T22:26:56.257+08:00  INFO 19072 --- [springtest] [main] com.zaxxer.hikari.HikariDataSource       : HikariPool-1 - Start completed.
2025-07-15T22:26:56.398+08:00  INFO 19072 --- [springtest] [main] org.hibernate.orm.connections.pooling    : HHH10001005: Database info:
	Database JDBC URL [Connecting through datasource 'HikariDataSource (HikariPool-1)']
	Database driver: undefined/unknown
	Database version: 8.0.34
	Autocommit mode: undefined/unknown
	Isolation level: undefined/unknown
	Minimum pool size: undefined/unknown
	Maximum pool size: undefined/unknown
2025-07-15T22:26:57.344+08:00  INFO 19072 --- [springtest] [main] o.h.e.t.j.p.i.JtaPlatformInitiator       : HHH000489: No JTA platform available (set 'hibernate.transaction.jta.platform' to enable JTA platform integration)
2025-07-15T22:26:57.400+08:00  INFO 19072 --- [springtest] [main] j.LocalContainerEntityManagerFactoryBean : Initialized JPA EntityManagerFactory for persistence unit 'default'
2025-07-15T22:26:57.916+08:00  INFO 19072 --- [springtest] [main] o.s.b.a.w.s.WelcomePageHandlerMapping    : Adding welcome page template: index
2025-07-15T22:26:58.465+08:00  WARN 19072 --- [springtest] [main] ConfigServletWebServerApplicationContext : Exception encountered during context initialization - cancelling refresh attempt: org.springframework.context.ApplicationContextException: Failed to start bean 'webServerStartStop'
2025-07-15T22:26:58.466+08:00  INFO 19072 --- [springtest] [main] j.LocalContainerEntityManagerFactoryBean : Closing JPA EntityManagerFactory for persistence unit 'default'
2025-07-15T22:26:58.470+08:00  INFO 19072 --- [springtest] [main] com.zaxxer.hikari.HikariDataSource       : HikariPool-1 - Shutdown initiated...
2025-07-15T22:26:58.481+08:00  INFO 19072 --- [springtest] [main] com.zaxxer.hikari.HikariDataSource       : HikariPool-1 - Shutdown completed.
2025-07-15T22:26:58.496+08:00  INFO 19072 --- [springtest] [main] .s.b.a.l.ConditionEvaluationReportLogger : 

Error starting ApplicationContext. To display the condition evaluation report re-run your application with 'debug' enabled.
2025-07-15T22:26:58.517+08:00 ERROR 19072 --- [springtest] [main] o.s.b.d.LoggingFailureAnalysisReporter   : 

***************************
APPLICATION FAILED TO START
***************************

Description:

Web server failed to start. Port 8089 was already in use.

Action:

Identify and stop the process that's listening on port 8089 or configure this application to listen on another port.

2025-07-15T22:35:38.487+08:00  INFO 16376 --- [springtest] [RMI TCP Connection(30)-127.0.0.1] inMXBeanRegistrar$SpringApplicationAdmin : Application shutdown requested.
2025-07-15T22:35:38.490+08:00  INFO 16376 --- [springtest] [RMI TCP Connection(30)-127.0.0.1] o.s.b.w.e.tomcat.GracefulShutdown        : Commencing graceful shutdown. Waiting for active requests to complete
2025-07-15T22:35:38.612+08:00  INFO 16376 --- [springtest] [tomcat-shutdown] o.s.b.w.e.tomcat.GracefulShutdown        : Graceful shutdown complete
2025-07-15T22:35:38.615+08:00  INFO 16376 --- [springtest] [RMI TCP Connection(30)-127.0.0.1] j.LocalContainerEntityManagerFactoryBean : Closing JPA EntityManagerFactory for persistence unit 'default'
2025-07-15T22:35:38.617+08:00  INFO 16376 --- [springtest] [RMI TCP Connection(30)-127.0.0.1] com.zaxxer.hikari.HikariDataSource       : HikariPool-1 - Shutdown initiated...
2025-07-15T22:35:38.623+08:00  INFO 16376 --- [springtest] [RMI TCP Connection(30)-127.0.0.1] com.zaxxer.hikari.HikariDataSource       : HikariPool-1 - Shutdown completed.
2025-07-15T22:35:41.248+08:00  INFO 11496 --- [springtest] [main] com.example.demo.SpringtestApplication   : Starting SpringtestApplication using Java 17.0.12 with PID 11496 (C:\Users\user\eclipse-workspace\react-todolist\target\classes started by user in C:\Users\user\eclipse-workspace\react-todolist)
2025-07-15T22:35:41.251+08:00  INFO 11496 --- [springtest] [main] com.example.demo.SpringtestApplication   : No active profile set, falling back to 1 default profile: "default"
2025-07-15T22:35:41.915+08:00  INFO 11496 --- [springtest] [main] .s.d.r.c.RepositoryConfigurationDelegate : Bootstrapping Spring Data JPA repositories in DEFAULT mode.
2025-07-15T22:35:41.974+08:00  INFO 11496 --- [springtest] [main] .s.d.r.c.RepositoryConfigurationDelegate : Finished Spring Data repository scanning in 47 ms. Found 1 JPA repository interface.
2025-07-15T22:35:42.636+08:00  INFO 11496 --- [springtest] [main] o.s.b.w.embedded.tomcat.TomcatWebServer  : Tomcat initialized with port 8089 (http)
2025-07-15T22:35:42.652+08:00  INFO 11496 --- [springtest] [main] o.apache.catalina.core.StandardService   : Starting service [Tomcat]
2025-07-15T22:35:42.652+08:00  INFO 11496 --- [springtest] [main] o.apache.catalina.core.StandardEngine    : Starting Servlet engine: [Apache Tomcat/10.1.41]
2025-07-15T22:35:42.706+08:00  INFO 11496 --- [springtest] [main] o.a.c.c.C.[Tomcat].[localhost].[/]       : Initializing Spring embedded WebApplicationContext
2025-07-15T22:35:42.707+08:00  INFO 11496 --- [springtest] [main] w.s.c.ServletWebServerApplicationContext : Root WebApplicationContext: initialization completed in 1404 ms
2025-07-15T22:35:42.920+08:00  INFO 11496 --- [springtest] [main] o.hibernate.jpa.internal.util.LogHelper  : HHH000204: Processing PersistenceUnitInfo [name: default]
2025-07-15T22:35:42.989+08:00  INFO 11496 --- [springtest] [main] org.hibernate.Version                    : HHH000412: Hibernate ORM core version 6.6.15.Final
2025-07-15T22:35:43.029+08:00  INFO 11496 --- [springtest] [main] o.h.c.internal.RegionFactoryInitiator    : HHH000026: Second-level cache disabled
2025-07-15T22:35:43.354+08:00  INFO 11496 --- [springtest] [main] o.s.o.j.p.SpringPersistenceUnitInfo      : No LoadTimeWeaver setup: ignoring JPA class transformer
2025-07-15T22:35:43.390+08:00  INFO 11496 --- [springtest] [main] com.zaxxer.hikari.HikariDataSource       : HikariPool-1 - Starting...
2025-07-15T22:35:43.555+08:00  INFO 11496 --- [springtest] [main] com.zaxxer.hikari.pool.HikariPool        : HikariPool-1 - Added connection com.mysql.cj.jdbc.ConnectionImpl@4ffa7041
2025-07-15T22:35:43.557+08:00  INFO 11496 --- [springtest] [main] com.zaxxer.hikari.HikariDataSource       : HikariPool-1 - Start completed.
2025-07-15T22:35:43.651+08:00  INFO 11496 --- [springtest] [main] org.hibernate.orm.connections.pooling    : HHH10001005: Database info:
	Database JDBC URL [Connecting through datasource 'HikariDataSource (HikariPool-1)']
	Database driver: undefined/unknown
	Database version: 8.0.34
	Autocommit mode: undefined/unknown
	Isolation level: undefined/unknown
	Minimum pool size: undefined/unknown
	Maximum pool size: undefined/unknown
2025-07-15T22:35:44.503+08:00  INFO 11496 --- [springtest] [main] o.h.e.t.j.p.i.JtaPlatformInitiator       : HHH000489: No JTA platform available (set 'hibernate.transaction.jta.platform' to enable JTA platform integration)
2025-07-15T22:35:44.565+08:00  INFO 11496 --- [springtest] [main] j.LocalContainerEntityManagerFactoryBean : Initialized JPA EntityManagerFactory for persistence unit 'default'
2025-07-15T22:35:44.978+08:00  INFO 11496 --- [springtest] [main] o.s.b.a.w.s.WelcomePageHandlerMapping    : Adding welcome page template: index
2025-07-15T22:35:45.456+08:00  INFO 11496 --- [springtest] [main] o.s.b.w.embedded.tomcat.TomcatWebServer  : Tomcat started on port 8089 (http) with context path '/'
2025-07-15T22:35:45.466+08:00  INFO 11496 --- [springtest] [main] com.example.demo.SpringtestApplication   : Started SpringtestApplication in 4.722 seconds (process running for 5.28)
2025-07-15T22:35:55.100+08:00  INFO 11496 --- [springtest] [http-nio-8089-exec-2] o.a.c.c.C.[Tomcat].[localhost].[/]       : Initializing Spring DispatcherServlet 'dispatcherServlet'
2025-07-15T22:35:55.101+08:00  INFO 11496 --- [springtest] [http-nio-8089-exec-2] o.s.web.servlet.DispatcherServlet        : Initializing Servlet 'dispatcherServlet'
2025-07-15T22:35:55.102+08:00  INFO 11496 --- [springtest] [http-nio-8089-exec-2] o.s.web.servlet.DispatcherServlet        : Completed initialization in 1 ms
2025-07-15T23:39:12.590+08:00  INFO 11496 --- [springtest] [RMI TCP Connection(73)-127.0.0.1] inMXBeanRegistrar$SpringApplicationAdmin : Application shutdown requested.
2025-07-15T23:39:12.922+08:00  INFO 11496 --- [springtest] [RMI TCP Connection(73)-127.0.0.1] o.s.b.w.e.tomcat.GracefulShutdown        : Commencing graceful shutdown. Waiting for active requests to complete
2025-07-15T23:39:13.121+08:00  INFO 11496 --- [springtest] [tomcat-shutdown] o.s.b.w.e.tomcat.GracefulShutdown        : Graceful shutdown complete
2025-07-15T23:39:13.184+08:00  INFO 11496 --- [springtest] [RMI TCP Connection(73)-127.0.0.1] j.LocalContainerEntityManagerFactoryBean : Closing JPA EntityManagerFactory for persistence unit 'default'
2025-07-15T23:39:13.272+08:00  INFO 11496 --- [springtest] [RMI TCP Connection(73)-127.0.0.1] com.zaxxer.hikari.HikariDataSource       : HikariPool-1 - Shutdown initiated...
2025-07-15T23:39:13.295+08:00  INFO 11496 --- [springtest] [RMI TCP Connection(73)-127.0.0.1] com.zaxxer.hikari.HikariDataSource       : HikariPool-1 - Shutdown completed.
